<?xml version="1.0" encoding="UTF-8"?>
<!-- Generated by org.testng.reporters.JUnitXMLReporter -->
<testsuite ignored="1" hostname="DESKTOP-4KM8NIQ" failures="1" tests="3" name="Regression Test" time="21.338" errors="0" timestamp="2020-08-05T10:57:12 EDT">
  <testcase classname="com.hrms.testcases.AddEmployeeTest" name="test" time="0.0">
    <skipped/>
  </testcase> <!-- test -->
  <testcase classname="com.hrms.testcases.LoginTest" name="emptyUserName" time="0.384"/>
  <testcase classname="com.hrms.testcases.LoginTest" name="invalidPasswordLogin" time="0.949">
    <failure type="java.lang.AssertionError" message="error message text is not matched expected [Csrf token validation failed] but found [Invalid credentials]">
      <![CDATA[java.lang.AssertionError: error message text is not matched expected [Csrf token validation failed] but found [Invalid credentials]
at com.hrms.testcases.LoginTest.invalidPasswordLogin(LoginTest.java:56)
at java.base/java.util.ArrayList.forEach(ArrayList.java:1507)
... Removed 31 stack frames]]>
    </failure>
  </testcase> <!-- invalidPasswordLogin -->
  <testcase classname="com.hrms.testcases.LoginTest" name="validAdminLogin" time="0.0">
    <ignored/>
  </testcase> <!-- validAdminLogin -->
</testsuite> <!-- Regression Test -->
